c:\users\aleix\documents\github\game_engine\debug\vc140.pdb
c:\users\aleix\documents\github\game_engine\debug\vc140.idb
c:\users\aleix\documents\github\game_engine\debug\application.obj
c:\users\aleix\documents\github\game_engine\debug\color.obj
c:\users\aleix\documents\github\game_engine\debug\glmath.obj
c:\users\aleix\documents\github\game_engine\debug\light.obj
c:\users\aleix\documents\github\game_engine\debug\log.obj
c:\users\aleix\documents\github\game_engine\debug\main.obj
c:\users\aleix\documents\github\game_engine\debug\moduleaudio.obj
c:\users\aleix\documents\github\game_engine\debug\modulecamera3d.obj
c:\users\aleix\documents\github\game_engine\debug\moduleinput.obj
c:\users\aleix\documents\github\game_engine\debug\modulephysics3d.obj
c:\users\aleix\documents\github\game_engine\debug\modulerenderer3d.obj
c:\users\aleix\documents\github\game_engine\debug\modulesceneintro.obj
c:\users\aleix\documents\github\game_engine\debug\modulewindow.obj
c:\users\aleix\documents\github\game_engine\debug\physbody3d.obj
c:\users\aleix\documents\github\game_engine\debug\physvehicle3d.obj
c:\users\aleix\documents\github\game_engine\debug\primitive.obj
c:\users\aleix\documents\github\game_engine\debug\timer.obj
c:\users\aleix\documents\github\game_engine\debug\moduleeditor.obj
c:\users\aleix\documents\github\game_engine\debug\imgui.obj
c:\users\aleix\documents\github\game_engine\debug\imgui_demo.obj
c:\users\aleix\documents\github\game_engine\debug\imgui_draw.obj
c:\users\aleix\documents\github\game_engine\debug\gl3w.obj
c:\users\aleix\documents\github\game_engine\debug\imgui_impl_sdl_gl3.obj
c:\users\aleix\documents\github\game_engine\debug\game_engine.ilk
c:\users\aleix\documents\github\game_engine\debug\game_engine.exe
c:\users\aleix\documents\github\game_engine\debug\game_engine.pdb
c:\users\aleix\documents\github\game_engine\debug\moduleplayer.obj
c:\users\aleix\documents\github\game_engine\debug\imgui_impl_sdl_gl3.obj.enc
c:\users\aleix\documents\github\game_engine\debug\moduleeditor.new.obj.enc
c:\users\aleix\documents\github\game_engine\debug\game_engine.tlog\cl.command.1.tlog
c:\users\aleix\documents\github\game_engine\debug\game_engine.tlog\cl.read.1.tlog
c:\users\aleix\documents\github\game_engine\debug\game_engine.tlog\cl.write.1.tlog
c:\users\aleix\documents\github\game_engine\debug\game_engine.tlog\link.command.1.tlog
c:\users\aleix\documents\github\game_engine\debug\game_engine.tlog\link.read.1.tlog
c:\users\aleix\documents\github\game_engine\debug\game_engine.tlog\link.write.1.tlog
